1646349594025	geckodriver	INFO	Listening on 127.0.0.1:50558
1646349597019	mozrunner::runner	INFO	Running command: "C:\\Program Files\\Mozilla Firefox\\firefox.exe" "--marionette" "--remote-debugging-port" "50559" "-no-remote" "-profile" "C:\\Users\\supero\\AppData\\Local\\Temp\\rust_mozprofileFGldII"
1646349598367	Marionette	INFO	Marionette enabled
console.warn: SearchSettings: "get: No settings file exists, new profile?" (new NotFoundError("Could not open the file at C:\\Users\\supero\\AppData\\Local\\Temp\\rust_mozprofileFGldII\\search.json.mozlz4", (void 0)))
DevTools listening on ws://localhost:50559/devtools/browser/9d454494-f52e-40f0-808b-7b6bf13b20a8
1646349601293	Marionette	INFO	Listening on port 50564
1646349601354	RemoteAgent	WARN	TLS certificate errors will be ignored for this session
JavaScript warning: https://js.datadome.co/tags.js, line 2: WEBGL_debug_renderer_info is deprecated in Firefox and will be removed. Please use RENDERER.
JavaScript error: resource://gre/modules/AsyncShutdown.jsm, line 575: NotFoundError: No such JSWindowActor 'DevToolsFrame'
JavaScript error: resource://gre/modules/AsyncShutdown.jsm, line 575: NotFoundError: No such JSWindowActor 'DevToolsFrame'
JavaScript error: resource://gre/modules/AsyncShutdown.jsm, line 575: NotFoundError: No such JSWindowActconsole.warn: SearchSettings: "get: No settings file exists, new profile?" (new Not
###!!! [Parent][PGPUParent] Error: RunMessage(msgname=PGPU::Msg_ShutdownVR) Channel closing: too late to send/recv, messages will be lDevTools listening on ws://localhost:50803/devtools/browser/23f5a9f3-8d15-4559-b72b-633c84440c67
1646350180909	Marionette	INFO	Listening on port 50809
1646350181195	RemoteAgent	WARN	TLS certificate errors will be ignored for this session
JavaScript warning: https://js.datadome.co/tags.js, line 2: WEBGL_debug_renderer_info is deprecated in Firefox and will be removed. Please use RENDERER.
1646350218570	geckodriver	INFO	Listening on 127.0.0.1:50953
1646350221616	mozrunner::runner	INFO	Running command: "C:\\Program Files\\Mozilla Firefox\\firefox.exe" "--marionette" "--remote-debugging-port" "50954" "-no-remote" "-profile" "C:\\Users\\supero\\AppData\\Local\\Temp\\rust_mozprofileIDzExR"
1646350222094	Marionette	INFO	Marionette enabled
console.warn: SearchSettings: "get: No settings file exists, new profile?" (new NotFoundError("Could not open the file at C:\\Users\\supero\\AppData\\Local\\Temp\\rust_mozprofileIDzExR\\search.json.mozlz4", (void 0)))
DevTools listening on ws://localhost:50954/devtools/browser/ea74d3bb-9de7-4944-b6a1-bc0a5fefcbd9
1646350224525	Marionette	INFO	Listening on port 50959
1646350224805	RemoteAgent	WARN	TLS certificate errors will be ignored for this session
JavaScript warning: https://js.datadome.co/tags.js, line 2: WEBGL_debug_renderer_info is deprecated in Firefox and will be removed. Please use RENDERER.
1646350272283	geckodriver	INFO	Listening on 127.0.0.1:51104
1646350275324	mozrunner::runner	INFO	Running command: "C:\\Program Files\\Mozilla Firefox\\firefox.exe" "--marionette" "--remote-debugging-port" "51105" "-no-remote" "-profile" "C:\\Users\\supero\\AppData\\Local\\Temp\\rust_mozprofile7edBaz"
1646350275749	Marionette	INFO	Marionette enabled
console.warn: SearchSettings: "get: No settings file exists, new profile?" (new NotFoundError("Could not open the file at C:\\Users\\supero\\AppData\\Local\\Temp\\rust_mozprofile7edBaz\\search.json.mozlz4", (void 0)))
DevTools listening on ws://localhost:51105/devtools/browser/bbc32a59-ece2-453e-bda2-53f149d24c2c
1646350278247	Marionette	INFO	Listening on port 51111
1646350278494	RemoteAgent	WARN	TLS certificate errors will be ignored for this session
JavaScript warning: https://js.datadome.co/tags.js, line 2: WEBGL_debug_renderer_info is deprecated in Firefox and will be removed. Please use RENDERER.
1646350293098	Marionette	INFO	Stopped listening on port 51111
console.warn: TopSitesFeed: Failed to fetch data from Contile server: NetworkError when attempting to fetch resource.

###!!! [Parent][PGPUParent] Error: RunMessage(msgname=PGPU::Msg_ShutdownVR) Channel closing: too late to send/recv, messages will be lost

1646350813770	geckodriver	INFO	Listening on 127.0.0.1:49310
1646350816742	mozrunner::runner	INFO	Running command: "C:\\Program Files\\Mozilla Firefox\\firefox.exe" "--marionette" "--remote-debugging-port" "49311" "-no-remote" "-profile" "C:\\Users\\supero\\AppData\\Local\\Temp\\rust_mozprofile2HV5HA"
1646350817203	Marionette	INFO	Marionette enabled
console.warn: SearchSettings: "get: No settings file exists, new profile?" (new NotFoundError("Could not open the file at C:\\Users\\supero\\AppData\\Local\\Temp\\rust_mozprofile2HV5HA\\search.json.mozlz4", (void 0)))
DevTools listening on ws://localhost:49311/devtools/browser/1ea9163f-7dd2-4a92-906e-83f2a4047096
1646350819764	Marionette	INFO	Listening on port 49316
1646350819923	RemoteAgent	WARN	TLS certificate errors will be ignored for this session
JavaScript warning: https://js.datadome.co/tags.js, line 2: WEBGL_debug_renderer_info is deprecated in Firefox and will be removed. Please use RENDERER.
1646350964842	Marionette	INFO	Stopped listening on port 49316
console.warn: TopSitesFeed: Failed to fetch data from Contile server: NetworkError when attempting to fetch resource.
1646351328122	geckodriver	INFO	Listening on 127.0.0.1:64741
1646351331178	mozrunner::runner	INFO	Running command: "C:\\Program Files\\Mozilla Firefox\\firefox.exe" "--marionette" "--remote-debugging-port" "64742" "-no-remote" "-profile" "C:\\Users\\supero\\AppData\\Local\\Temp\\rust_mozprofileLLJDNq"
1646351332155	Marionette	INFO	Marionette enabled
console.warn: SearchSettings: "get: No settings file exists, new profile?" (new NotFoundError("Could not open the file at C:\\Users\\supero\\AppData\\Local\\Temp\\rust_mozprofileLLJDNq\\search.json.mozlz4", (void 0)))
DevTools listening on ws://localhost:64742/devtools/browser/bb84bf02-e432-4a43-8432-c3ce077912af
1646351334810	Marionette	INFO	Listening on port 64748
1646351334889	RemoteAgent	WARN	TLS certificate errors will be ignored for this session
JavaScript error: https://www.kabum.com.br/core/_next/static/chunks/main-6aaeb826ba81afc7443c.js, line 1: TypeError: o is null
JavaScript error: https://www.kabum.com.br/core/_next/static/chunks/main-6aaeb826ba81afc7443c.js, line 1: TypeError: o is null
JavaScript warning: https://js.datadome.co/tags.js, line 2: WEBGL_debug_renderer_info is deprecated in Firefox and will be removed. Please use RENDERER.
JavaScript error: https://www.kabum.com.br/core/_next/static/chunks/main-6aaeb826ba81afc7443c.js, line 1: TypeError: o is null
JavaScript warning: https://js.datadome.co/tags.js, line 2: WEBGL_debug_renderer_info is deprecated in Firefox and will be removed. Please use RENDERER.
1646351347844	Marionette	INFO	Stopped listening on port 64748

###!!! [Child][PContentChild] Error: Send(msgname=PNecko::Msg_RemoveRequestContext) Channel closing: too late to send/recv, messages will be lost


###!!! [Parent][PGPUParent] Error: RunMessage(msgname=PGPU::Msg_ShutdownVR) Channel closing: too late to send/recv, messages will be lost

1646351350131	geckodriver	INFO	Listening on 127.0.0.1:64901
1646351353125	mozrunner::runner	INFO	Running command: "C:\\Program Files\\Mozilla Firefox\\firefox.exe" "--marionette" "--remote-debugging-port" "64902" "-no-remote" "-profile" "C:\\Users\\supero\\AppData\\Local\\Temp\\rust_mozprofiledkP4QQ"
1646351353647	Marionette	INFO	Marionette enabled
console.warn: SearchSettings: "get: No settings file exists, new profile?" (new NotFoundError("Could not open the file at C:\\Users\\supero\\AppData\\Local\\Temp\\rust_mozprofiledkP4QQ\\search.json.mozlz4", (void 0)))
DevTools listening on ws://localhost:64902/devtools/browser/6e5c9ec7-8e64-49ae-8738-9d373f60e918
1646351355833	Marionette	INFO	Listening on port 64909
1646351356310	RemoteAgent	WARN	TLS certificate errors will be ignored for this session
JavaScript warning: https://js.datadome.co/tags.js, line 2: WEBGL_debug_renderer_info is deprecated in Firefox and will be removed. Please use RENDERER.
JavaScript warning: https://js.datadome.co/tags.js, line 2: WEBGL_debug_renderer_info is deprecated in Firefox and will be removed. Please use RENDERER.
1646351450509	Marionette	INFO	Stopped listening on port 64909
console.warn: TopSitesFeed: Failed to fetch data from Contile server: NetworkError when attempting to fetch resource.

###!!! [Parent][PGPUParent] Error: RunMessage(msgname=PGPU::Msg_ShutdownVR) Channel closing: too late to send/recv, messages will be lost

1646521131204	geckodriver	INFO	Listening on 127.0.0.1:61840
1646521134211	mozrunner::runner	INFO	Running command: "C:\\Program Files\\Mozilla Firefox\\firefox.exe" "--marionette" "--remote-debugging-port" "61841" "-no-remote" "-profile" "C:\\Users\\supero\\AppData\\Local\\Temp\\rust_mozprofileDz3PX7"
1646521134597	Marionette	INFO	Marionette enabled
console.warn: SearchSettings: "get: No settings file exists, new profile?" (new NotFoundError("Could not open the file at C:\\Users\\supero\\AppData\\Local\\Temp\\rust_mozprofileDz3PX7\\search.json.mozlz4", (void 0)))
DevTools listening on ws://localhost:61841/devtools/browser/e00a4eee-c20f-4650-af90-74475563f641
1646521137181	Marionette	INFO	Listening on port 61847
1646521137407	RemoteAgent	WARN	TLS certificate errors will be ignored for this session
console.warn: LoginRecipes: "getRecipes: falling back to a synchronous message for:" "https://www.kabum.com.br"
console.warn: LoginRecipes: "getRecipes: falling back to a synchronous message for:" "https://www.kabum.com.br"
JavaScript warning: https://js.datadome.co/tags.js, line 2: WEBGL_debug_renderer_info is deprecated in Firefox and will be removed. Please use RENDERER.
1646521161249	Marionette	INFO	Stopped listening on port 61847
console.warn: TopSitesFeed: Failed to fetch data from Contile server: NetworkError when attempting to fetch resource.

###!!! [Parent][PGPUParent] Error: RunMessage(msgname=PGPU::Msg_ShutdownVR) Channel closing: too late to send/recv, messages will be lost

1646521246090	geckodriver	INFO	Listening on 127.0.0.1:62008
1646521249058	mozrunner::runner	INFO	Running command: "C:\\Program Files\\Mozilla Firefox\\firefox.exe" "--marionette" "--remote-debugging-port" "62009" "-no-remote" "-profile" "C:\\Users\\supero\\AppData\\Local\\Temp\\rust_mozprofilevBS3GW"
1646521249545	Marionette	INFO	Marionette enabled
console.warn: SearchSettings: "get: No settings file exists, new profile?" (new NotFoundError("Could not open the file at C:\\Users\\supero\\AppData\\Local\\Temp\\rust_mozprofilevBS3GW\\search.json.mozlz4", (void 0)))
DevTools listening on ws://localhost:62009/devtools/browser/3f46c2d0-1d13-4b28-ac33-942f560f302b
1646521251539	Marionette	INFO	Listening on port 62014
1646521251746	RemoteAgent	WARN	TLS certificate errors will be ignored for this session
JavaScript warning: https://js.datadome.co/tags.js, line 2: WEBGL_debug_renderer_info is deprecated in Firefox and will be removed. Please use RENDERER.
console.warn: LoginRecipes: "getRecipes: falling back to a synchronous message for:" "https://www.kabum.com.br"
console.warn: LoginRecipes: "getRecipes: falling back to a synchronous message for:" "https://www.kabum.com.br"
console.warn: LoginRecipes: "getRecipes: falling back to a synchronous message for:" "https://www.kabum.com.br"
console.warn: LoginRecipes: "getRecipes: falling back to a synchronous message for:" "https://www.kabum.com.br"
JavaScript error: resource://gre/modules/LoginManagerParent.jsm, line 136: TypeError: gRecipeManager is null
console.warn: LoginRecipes: "getRecipes: falling back to a synchronous message for:" "https://www.kabum.com.br"
JavaScript error: resource://gre/modules/LoginManagerParent.jsm, line 136: TypeError: gRecipeManager is null
console.warn: LoginRecipes: "getRecipes: falling back to a synchronous message for:" "https://www.kabum.com.br"
JavaScript error: resource://gre/modules/LoginManagerParent.jsm, line 136: TypeError: gRecipeManager is null
JavaScript warning: https://js.datadome.co/tags.js, line 2: WEBGL_debug_renderer_info is deprecated in Firefox and will be removed. Please use RENDERER.
1646521273957	Marionette	INFO	Stopped listening on port 62014
console.warn: TopSitesFeed: Failed to fetch data from Contile server: NetworkError when attempting to fetch resource.
JavaScript error: chrome://remote/content/marionette/cert.js, line 55: NS_ERROR_NOT_AVAILABLE: Component returned failure code: 0x80040111 (NS_ERROR_NOT_AVAILABLE) [nsICertOverrideService.setDisableAllSecurityChecksAndLetAttackersInterceptMyData]

###!!! [Parent][PGPUParent] Error: RunMessage(msgname=PGPU::Msg_ShutdownVR) Channel closing: too late to send/recv, messages will be lost

1646521370328	geckodriver	INFO	Listening on 127.0.0.1:62141
1646521373309	mozrunner::runner	INFO	Running command: "C:\\Program Files\\Mozilla Firefox\\firefox.exe" "--marionette" "--remote-debugging-port" "62142" "-no-remote" "-profile" "C:\\Users\\supero\\AppData\\Local\\Temp\\rust_mozprofileHtqrVS"
1646521373757	Marionette	INFO	Marionette enabled
console.warn: SearchSettings: "get: No settings file exists, new profile?" (new NotFoundError("Could not open the file at C:\\Users\\supero\\AppData\\Local\\Temp\\rust_mozprofileHtqrVS\\search.json.mozlz4", (void 0)))
DevTools listening on ws://localhost:62142/devtools/browser/b074fe71-dd9b-4bb4-b6ff-776409a42182
1646521375775	Marionette	INFO	Listening on port 62149
1646521376002	RemoteAgent	WARN	TLS certificate errors will be ignored for this session
console.warn: LoginRecipes: "getRecipes: falling back to a synchronous message for:" "https://www.kabum.com.br"
console.warn: LoginRecipes: "getRecipes: falling back to a synchronous message for:" "https://www.kabum.com.br"
JavaScript warning: https://js.datadome.co/tags.js, line 2: WEBGL_debug_renderer_info is deprecated in Firefox and will be removed. Please use RENDERER.
1646521402515	Marionette	INFO	Stopped listening on port 62149
console.warn: TopSitesFeed: Failed to fetch data from Contile server: NetworkError when attempting to fetch resource.

###!!! [Parent][PGPUParent] Error: RunMessage(msgname=PGPU::Msg_ShutdownVR) Channel closing: too late to send/recv, messages will be lost

1646522120701	geckodriver	INFO	Listening on 127.0.0.1:62381
1646522123679	mozrunner::runner	INFO	Running command: "C:\\Program Files\\Mozilla Firefox\\firefox.exe" "--marionette" "--remote-debugging-port" "62382" "-no-remote" "-profile" "C:\\Users\\supero\\AppData\\Local\\Temp\\rust_mozprofile4cAy9r"
1646522124108	Marionette	INFO	Marionette enabled
console.warn: SearchSettings: "get: No settings file exists, new profile?" (new NotFoundError("Could not open the file at C:\\Users\\supero\\AppData\\Local\\Temp\\rust_mozprofile4cAy9r\\search.json.mozlz4", (void 0)))
DevTools listening on ws://localhost:62382/devtools/browser/f0b87b94-a303-40db-b3e8-ee3f3d9983bc
1646522126194	Marionette	INFO	Listening on port 62387
1646522126390	RemoteAgent	WARN	TLS certificate errors will be ignored for this session
JavaScript warning: https://js.datadome.co/tags.js, line 2: WEBGL_debug_renderer_info is deprecated in Firefox and will be removed. Please use RENDERER.
console.warn: LoginRecipes: "getRecipes: falling back to a synchronous message for:" "https://www.kabum.com.br"
console.warn: LoginRecipes: "getRecipes: falling back to a synchronous message for:" "https://www.kabum.com.br"
console.warn: LoginRecipes: "getRecipes: falling back to a synchronous message for:" "https://www.kabum.com.br"
console.warn: LoginRecipes: "getRecipes: falling back to a synchronous message for:" "https://www.kabum.com.br"
console.warn: LoginRecipes: "getRecipes: falling back to a synchronous message for:" "https://www.kabum.com.br"
JavaScript error: resource://gre/modules/LoginManagerParent.jsm, line 136: TypeError: gRecipeManager is null
console.warn: LoginRecipes: "getRecipes: falling back to a synchronous message for:" "https://www.kabum.com.br"
JavaScript error: resource://gre/modules/LoginManagerParent.jsm, line 136: TypeError: gRecipeManager is null
JavaScript warning: https://js.datadome.co/tags.js, line 2: WEBGL_debug_renderer_info is deprecated in Firefox and will be removed. Please use RENDERER.
1646522163289	Marionette	INFO	Stopped listening on port 62387
console.warn: TopSitesFeed: Failed to fetch data from Contile server: NetworkError when attempting to fetch resource.

###!!! [Parent][PGPUParent] Error: RunMessage(msgname=PGPU::Msg_ShutdownVR) Channel closing: too late to send/recv, messages will be lost

1646522288990	geckodriver	INFO	Listening on 127.0.0.1:62653
1646522291981	mozrunner::runner	INFO	Running command: "C:\\Program Files\\Mozilla Firefox\\firefox.exe" "--marionette" "--remote-debugging-port" "62654" "-no-remote" "-profile" "C:\\Users\\supero\\AppData\\Local\\Temp\\rust_mozprofileoez5iw"
1646522292382	Marionette	INFO	Marionette enabled
console.warn: SearchSettings: "get: No settings file exists, new profile?" (new NotFoundError("Could not open the file at C:\\Users\\supero\\AppData\\Local\\Temp\\rust_mozprofileoez5iw\\search.json.mozlz4", (void 0)))
DevTools listening on ws://localhost:62654/devtools/browser/c21f87ba-489a-44ab-b725-ef9a2d113e87
1646522294319	Marionette	INFO	Listening on port 62659
1646522294667	RemoteAgent	WARN	TLS certificate errors will be ignored for this session
JavaScript warning: https://js.datadome.co/tags.js, line 2: WEBGL_debug_renderer_info is deprecated in Firefox and will be removed. Please use RENDERER.
console.warn: LoginRecipes: "getRecipes: falling back to a synchronous message for:" "https://www.kabum.com.br"
console.warn: LoginRecipes: "getRecipes: falling back to a synchronous message for:" "https://www.kabum.com.br"
1646522307323	Marionette	INFO	Stopped listening on port 62659
console.warn: TopSitesFeed: Failed to fetch data from Contile server: NetworkError when attempting to fetch resource.

###!!! [Parent][PGPUParent] Error: RunMessage(msgname=PGPU::Msg_ShutdownVR) Channel closing: too late to send/recv, messages will be lost

1646522360746	geckodriver	INFO	Listening on 127.0.0.1:62769
1646522363738	mozrunner::runner	INFO	Running command: "C:\\Program Files\\Mozilla Firefox\\firefox.exe" "--marionette" "--remote-debugging-port" "62770" "-no-remote" "-profile" "C:\\Users\\supero\\AppData\\Local\\Temp\\rust_mozprofileOPNzDC"
1646522364136	Marionette	INFO	Marionette enabled
console.warn: SearchSettings: "get: No settings file exists, new profile?" (new NotFoundError("Could not open the file at C:\\Users\\supero\\AppData\\Local\\Temp\\rust_mozprofileOPNzDC\\search.json.mozlz4", (void 0)))
DevTools listening on ws://localhost:62770/devtools/browser/6de9388e-b627-4272-aed3-7840273fc3e8
1646522365956	Marionette	INFO	Listening on port 62775
1646522366433	RemoteAgent	WARN	TLS certificate errors will be ignored for this session
console.warn: LoginRecipes: "getRecipes: falling back to a synchronous message for:" "https://www.kabum.com.br"
console.warn: LoginRecipes: "getRecipes: falling back to a synchronous message for:" "https://www.kabum.com.br"
JavaScript warning: https://js.datadome.co/tags.js, line 2: WEBGL_debug_renderer_info is deprecated in Firefox and will be removed. Please use RENDERER.
1646522378008	Marionette	INFO	Stopped listening on port 62775

###!!! [Child][PContentChild] Error: Send(msgname=PHttpChannel::Msg_DeletingChannel) Channel closing: too late to send/recv, messages will be lost


###!!! [Child][PContentChild] Error: Send(msgname=PHttpChannel::Msg_DeletingChannel) Channel closing: too late to send/recv, messages will be lost


###!!! [Child][PContentChild] Error: Send(msgname=PHttpChannel::Msg_DeletingChannel) Channel closing: too late to send/recv, messages will be lost


###!!! [Child][PContentChild] Error: Send(msgname=PHttpChannel::Msg_DeletingChannel) Channel closing: too late to send/recv, messages will be lost


###!!! [Child][PContentChild] Error: Send(msgname=PContent::Msg_ScriptError) Channel closing: too late to send/recv, messages will be lost


###!!! [Child][PContentChild] Error: Send(msgname=PHttpChannel::Msg_DeletingChannel) Channel closing: too late to send/recv, messages will be lost


###!!! [Child][PContentChild] Error: Send(msgname=PContent::Msg_ScriptError) Channel closing: too late to send/recv, messages will be lost


###!!! [Child][PContentChild] Error: Send(msgname=PContent::Msg_ScriptError) Channel closing: too late to send/recv, messages will be lost


###!!! [Child][PContentChild] Error: Send(msgname=PHttpChannel::Msg_DeletingChannel) Channel closing: too late to send/recv, messages will be lost


###!!! [Child][PContentChild] Error: RunMessage(msgname=PHttpChannel::Msg_DeleteSelf) Channel closing: too late to send/recv, messages will be lost


###!!! [Child][PContentChild] Error: Send(msgname=PContent::Msg_ScriptError) Channel closing: too late to send/recv, messages will be lost


###!!! [Child][PContentChild] Error: RunMessage(msgname=PHttpChannel::Msg_DeleteSelf) Channel closing: too late to send/recv, messages will be lost


###!!! [Child][PContentChild] Error: RunMessage(msgname=PHttpChannel::Msg_DeleteSelf) Channel closing: too late to send/recv, messages will be lost


###!!! [Child][PContentChild] Error: Send(msgname=PContent::Msg_ScriptError) Channel closing: too late to send/recv, messages will be lost


###!!! [Child][PContentChild] Error: RunMessage(msgname=PHttpChannel::Msg_DeleteSelf) Channel closing: too late to send/recv, messages will be lost


###!!! [Child][PContentChild] Error: RunMessage(msgname=PHttpChannel::Msg_DeleteSelf) Channel closing: too late to send/recv, messages will be lost

console.warn: TopSitesFeed: Failed to fetch data from Contile server: NetworkError when attempting to fetch resource.
1646522505323	geckodriver	INFO	Listening on 127.0.0.1:62969
1646522508290	mozrunner::runner	INFO	Running command: "C:\\Program Files\\Mozilla Firefox\\firefox.exe" "--marionette" "--remote-debugging-port" "62970" "-no-remote" "-profile" "C:\\Users\\supero\\AppData\\Local\\Temp\\rust_mozprofileM2ouWt"
1646522508709	Marionette	INFO	Marionette enabled
console.warn: SearchSettings: "get: No settings file exists, new profile?" (new NotFoundError("Could not open the file at C:\\Users\\supero\\AppData\\Local\\Temp\\rust_mozprofileM2ouWt\\search.json.mozlz4", (void 0)))
DevTools listening on ws://localhost:62970/devtools/browser/8ca5e513-b2bf-463b-8bbe-4f8fe446f7ba
1646522510583	Marionette	INFO	Listening on port 62975
1646522510965	RemoteAgent	WARN	TLS certificate errors will be ignored for this session
console.warn: LoginRecipes: "getRecipes: falling back to a synchronous message for:" "https://www.kabum.com.br"
console.warn: LoginRecipes: "getRecipes: falling back to a synchronous message for:" "https://www.kabum.com.br"
JavaScript warning: https://js.datadome.co/tags.js, line 2: WEBGL_debug_renderer_info is deprecated in Firefox and will be removed. Please use RENDERER.
console.warn: LoginRecipes: "getRecipes: falling back to a synchronous message for:" "https://www.kabum.com.br"
console.warn: LoginRecipes: "getRecipes: falling back to a synchronous message for:" "https://www.kabum.com.br"
console.warn: LoginRecipes: "getRecipes: falling back to a synchronous message for:" "https://www.kabum.com.br"
JavaScript error: resource://gre/modules/LoginManagerParent.jsm, line 136: TypeError: gRecipeManager is null
console.warn: LoginRecipes: "getRecipes: falling back to a synchronous message for:" "https://www.kabum.com.br"
JavaScript error: resource://gre/modules/LoginManagerParent.jsm, line 136: TypeError: gRecipeManager is null
JavaScript warning: https://js.datadome.co/tags.js, line 2: WEBGL_debug_renderer_info is deprecated in Firefox and will be removed. Please use RENDERER.
1646522518921	Marionette	INFO	Stopped listening on port 62975
console.warn: TopSitesFeed: Failed to fetch data from Contile server: NetworkError when attempting to fetch resource.
1646527435020	geckodriver	INFO	Listening on 127.0.0.1:52754
1646527438192	mozrunner::runner	INFO	Running command: "C:\\Program Files\\Mozilla Firefox\\firefox.exe" "--marionette" "--remote-debugging-port" "52755" "-no-remote" "-profile" "C:\\Users\\MANUNE~1\\AppData\\Local\\Temp\\rust_mozprofileTEytY8"
1646527439365	Marionette	INFO	Marionette enabled
console.warn: SearchSettings: "get: No settings file exists, new profile?" (new NotFoundError("Could not open the file at C:\\Users\\Manunella\\AppData\\Local\\Temp\\rust_mozprofileTEytY8\\search.json.mozlz4", (void 0)))
DevTools listening on ws://localhost:52755/devtools/browser/26f9c8f6-2570-42e9-8ea8-4e485eabba4f
1646527445740	Marionette	INFO	Listening on port 52760
1646527445894	RemoteAgent	WARN	TLS certificate errors will be ignored for this session
JavaScript warning: https://js.datadome.co/tags.js, line 2: WEBGL_debug_renderer_info is deprecated in Firefox and will be removed. Please use RENDERER.
1646528247824	Marionette	INFO	Stopped listening on port 52760
console.warn: TopSitesFeed: Failed to fetch data from Contile server: NetworkError when attempting to fetch resource.
